build/app/intermediates/manifest_merge_blame_file/release/manifest-merger-blame-release-report.txt
1<?xml version="1.0" encoding="utf-8"?>
2<manifest xmlns:android="http://schemas.android.com/apk/res/android"
3    package="com.example.jasbe"
4    android:versionCode="1"
5    android:versionName="1.0.0" >
6
7    <uses-sdk
8        android:minSdkVersion="20"
8-->src\main\AndroidManifest.xml
9        android:targetSdkVersion="33" />
9-->src\main\AndroidManifest.xml
10
11    <uses-permission android:name="android.permission.INTERNET" />
11-->[:firebase_messaging] AndroidManifest.xml:9:5-67
11-->[:firebase_messaging] AndroidManifest.xml:9:22-64
12    <uses-permission android:name="android.permission.WAKE_LOCK" />
12-->[:firebase_messaging] AndroidManifest.xml:10:5-68
12-->[:firebase_messaging] AndroidManifest.xml:10:22-65
13    <uses-permission android:name="android.permission.ACCESS_NETWORK_STATE" /> <!-- Permissions options for the `notification` group -->
13-->[:firebase_messaging] AndroidManifest.xml:11:5-79
13-->[:firebase_messaging] AndroidManifest.xml:11:22-76
14    <uses-permission android:name="android.permission.POST_NOTIFICATIONS" />
14-->[:firebase_messaging] AndroidManifest.xml:13:5-77
14-->[:firebase_messaging] AndroidManifest.xml:13:22-74
15    <uses-permission android:name="android.permission.RECEIVE_BOOT_COMPLETED" />
15-->[:flutter_local_notifications] AndroidManifest.xml:9:5-81
15-->[:flutter_local_notifications] AndroidManifest.xml:9:22-78
16    <uses-permission android:name="android.permission.VIBRATE" />
16-->[:flutter_local_notifications] AndroidManifest.xml:10:5-66
16-->[:flutter_local_notifications] AndroidManifest.xml:10:22-63
17    <uses-permission android:name="android.permission.USE_FULL_SCREEN_INTENT" />
17-->[:flutter_local_notifications] AndroidManifest.xml:11:5-81
17-->[:flutter_local_notifications] AndroidManifest.xml:11:22-78
18    <uses-permission android:name="android.permission.SCHEDULE_EXACT_ALARM" />
18-->[:flutter_local_notifications] AndroidManifest.xml:12:5-79
18-->[:flutter_local_notifications] AndroidManifest.xml:12:22-76
19
20    <queries>
20-->[:open_mail_app] AndroidManifest.xml:9:5-15:15
21        <intent>
21-->[:open_mail_app] AndroidManifest.xml:10:9-14:18
22            <action android:name="android.intent.action.VIEW" />
22-->[:open_mail_app] AndroidManifest.xml:11:13-65
22-->[:open_mail_app] AndroidManifest.xml:11:21-62
23
24            <data android:scheme="mailto" />
24-->[:open_mail_app] AndroidManifest.xml:13:13-45
24-->[:open_mail_app] AndroidManifest.xml:13:19-42
25        </intent>
26        <!-- Needs to be explicitly declared on Android R+ -->
27        <package android:name="com.google.android.apps.maps" />
27-->[com.google.android.gms:play-services-maps:18.1.0] AndroidManifest.xml:33:9-64
27-->[com.google.android.gms:play-services-maps:18.1.0] AndroidManifest.xml:33:18-61
28    </queries>
29
30    <uses-permission android:name="android.permission.ACCESS_COARSE_LOCATION" />
30-->[:location] AndroidManifest.xml:9:5-81
30-->[:location] AndroidManifest.xml:9:22-78
31    <uses-permission android:name="android.permission.ACCESS_FINE_LOCATION" /> <!-- Required by older versions of Google Play services to create IID tokens -->
31-->[:location] AndroidManifest.xml:10:5-79
31-->[:location] AndroidManifest.xml:10:22-76
32    <uses-permission android:name="com.google.android.c2dm.permission.RECEIVE" />
32-->[com.google.firebase:firebase-iid:21.1.0] AndroidManifest.xml:26:5-82
32-->[com.google.firebase:firebase-iid:21.1.0] AndroidManifest.xml:26:22-79
33
34    <uses-feature
34-->[com.google.android.gms:play-services-maps:18.1.0] AndroidManifest.xml:26:5-28:35
35        android:glEsVersion="0x00020000"
35-->[com.google.android.gms:play-services-maps:18.1.0] AndroidManifest.xml:27:9-41
36        android:required="true" />
36-->[com.google.android.gms:play-services-maps:18.1.0] AndroidManifest.xml:28:9-32
37
38    <permission
38-->[androidx.core:core:1.10.1] AndroidManifest.xml:22:5-24:47
39        android:name="com.example.jasbe.DYNAMIC_RECEIVER_NOT_EXPORTED_PERMISSION"
39-->[androidx.core:core:1.10.1] AndroidManifest.xml:23:9-81
40        android:protectionLevel="signature" />
40-->[androidx.core:core:1.10.1] AndroidManifest.xml:24:9-44
41
42    <uses-permission android:name="com.example.jasbe.DYNAMIC_RECEIVER_NOT_EXPORTED_PERMISSION" />
42-->[androidx.core:core:1.10.1] AndroidManifest.xml:26:5-97
42-->[androidx.core:core:1.10.1] AndroidManifest.xml:26:22-94
43
44    <application
45        android:name="android.app.Application"
45-->src\main\AndroidManifest.xml:5:9-42
46        android:appComponentFactory="androidx.core.app.CoreComponentFactory"
46-->[androidx.core:core:1.10.1] AndroidManifest.xml:28:18-86
47        android:icon="@mipmap/ic_launcher"
47-->src\main\AndroidManifest.xml:6:9-43
48        android:label="Jasbe" >
48-->src\main\AndroidManifest.xml:4:9-30
49        <activity
49-->src\main\AndroidManifest.xml:7:9-27:20
50            android:name="com.example.jasbe.MainActivity"
50-->src\main\AndroidManifest.xml:8:13-41
51            android:configChanges="orientation|keyboardHidden|keyboard|screenSize|smallestScreenSize|locale|layoutDirection|fontScale|screenLayout|density|uiMode"
51-->src\main\AndroidManifest.xml:12:13-163
52            android:exported="true"
52-->src\main\AndroidManifest.xml:9:13-36
53            android:hardwareAccelerated="true"
53-->src\main\AndroidManifest.xml:13:13-47
54            android:launchMode="singleTop"
54-->src\main\AndroidManifest.xml:10:13-43
55            android:theme="@style/LaunchTheme"
55-->src\main\AndroidManifest.xml:11:13-47
56            android:windowSoftInputMode="adjustResize" >
56-->src\main\AndroidManifest.xml:14:13-55
57
58            <!--
59                 Specifies an Android theme to apply to this Activity as soon as
60                 the Android process has started. This theme is visible to the user
61                 while the Flutter UI initializes. After that, this theme continues
62                 to determine the Window background behind the Flutter UI.
63            -->
64            <meta-data
64-->src\main\AndroidManifest.xml:19:13-22:17
65                android:name="io.flutter.embedding.android.NormalTheme"
65-->src\main\AndroidManifest.xml:20:15-70
66                android:resource="@style/NormalTheme" />
66-->src\main\AndroidManifest.xml:21:15-52
67
68            <intent-filter>
68-->src\main\AndroidManifest.xml:23:13-26:29
69                <action android:name="android.intent.action.MAIN" />
69-->src\main\AndroidManifest.xml:24:17-68
69-->src\main\AndroidManifest.xml:24:25-66
70
71                <category android:name="android.intent.category.LAUNCHER" />
71-->src\main\AndroidManifest.xml:25:17-76
71-->src\main\AndroidManifest.xml:25:27-74
72            </intent-filter>
73        </activity>
74        <!--
75             Don't delete the meta-data below.
76             This is used by the Flutter tool to generate GeneratedPluginRegistrant.java
77        -->
78        <meta-data
78-->src\main\AndroidManifest.xml:30:9-32:33
79            android:name="flutterEmbedding"
79-->src\main\AndroidManifest.xml:31:13-44
80            android:value="2" />
80-->src\main\AndroidManifest.xml:32:13-30
81
82        <!-- Google Map Configurations -->
83        <meta-data
83-->src\main\AndroidManifest.xml:35:9-37:70
84            android:name="com.google.android.geo.API_KEY"
84-->src\main\AndroidManifest.xml:36:13-58
85            android:value="AIzaSyAOb7MX50d27r65xDFGJJRlwEeSGuhtYLk" />
85-->src\main\AndroidManifest.xml:37:13-68
86        <!-- AIzaSyCp95ekgeRkb6LX_R0AIhqV1PoYVc7UJcU = From Tour Guide -->
87        <service
87-->[:cloud_firestore] AndroidManifest.xml:10:9-14:19
88            android:name="com.google.firebase.components.ComponentDiscoveryService"
88-->[:cloud_firestore] AndroidManifest.xml:10:18-89
89            android:directBootAware="true"
89-->[com.google.firebase:firebase-common:20.3.2] AndroidManifest.xml:34:13-43
90            android:exported="false" >
90-->[com.google.firebase:firebase-auth:22.0.0] AndroidManifest.xml:68:13-37
91            <meta-data
91-->[:cloud_firestore] AndroidManifest.xml:11:13-13:85
92                android:name="com.google.firebase.components:io.flutter.plugins.firebase.firestore.FlutterFirebaseFirestoreRegistrar"
92-->[:cloud_firestore] AndroidManifest.xml:12:17-134
93                android:value="com.google.firebase.components.ComponentRegistrar" />
93-->[:cloud_firestore] AndroidManifest.xml:13:17-82
94            <meta-data
94-->[:firebase_auth] AndroidManifest.xml:11:13-13:85
95                android:name="com.google.firebase.components:io.flutter.plugins.firebase.auth.FlutterFirebaseAuthRegistrar"
95-->[:firebase_auth] AndroidManifest.xml:12:17-124
96                android:value="com.google.firebase.components.ComponentRegistrar" />
96-->[:firebase_auth] AndroidManifest.xml:13:17-82
97            <meta-data
97-->[:firebase_messaging] AndroidManifest.xml:38:13-40:85
98                android:name="com.google.firebase.components:io.flutter.plugins.firebase.messaging.FlutterFirebaseAppRegistrar"
98-->[:firebase_messaging] AndroidManifest.xml:39:17-128
99                android:value="com.google.firebase.components.ComponentRegistrar" />
99-->[:firebase_messaging] AndroidManifest.xml:40:17-82
100            <meta-data
100-->[:firebase_core] AndroidManifest.xml:11:13-13:85
101                android:name="com.google.firebase.components:io.flutter.plugins.firebase.core.FlutterFirebaseCoreRegistrar"
101-->[:firebase_core] AndroidManifest.xml:12:17-124
102                android:value="com.google.firebase.components.ComponentRegistrar" />
102-->[:firebase_core] AndroidManifest.xml:13:17-82
103            <meta-data
103-->[com.google.firebase:firebase-auth:22.0.0] AndroidManifest.xml:69:13-71:85
104                android:name="com.google.firebase.components:com.google.firebase.auth.FirebaseAuthRegistrar"
104-->[com.google.firebase:firebase-auth:22.0.0] AndroidManifest.xml:70:17-109
105                android:value="com.google.firebase.components.ComponentRegistrar" />
105-->[com.google.firebase:firebase-auth:22.0.0] AndroidManifest.xml:71:17-82
106            <meta-data
106-->[com.google.firebase:firebase-iid:21.1.0] AndroidManifest.xml:32:13-34:85
107                android:name="com.google.firebase.components:com.google.firebase.iid.Registrar"
107-->[com.google.firebase:firebase-iid:21.1.0] AndroidManifest.xml:33:17-96
108                android:value="com.google.firebase.components.ComponentRegistrar" />
108-->[com.google.firebase:firebase-iid:21.1.0] AndroidManifest.xml:34:17-82
109            <meta-data
109-->[com.google.firebase:firebase-firestore:24.6.0] AndroidManifest.xml:19:13-21:85
110                android:name="com.google.firebase.components:com.google.firebase.firestore.FirestoreRegistrar"
110-->[com.google.firebase:firebase-firestore:24.6.0] AndroidManifest.xml:20:17-111
111                android:value="com.google.firebase.components.ComponentRegistrar" />
111-->[com.google.firebase:firebase-firestore:24.6.0] AndroidManifest.xml:21:17-82
112            <meta-data
112-->[com.google.firebase:firebase-messaging:23.1.2] AndroidManifest.xml:55:13-57:85
113                android:name="com.google.firebase.components:com.google.firebase.messaging.FirebaseMessagingRegistrar"
113-->[com.google.firebase:firebase-messaging:23.1.2] AndroidManifest.xml:56:17-119
114                android:value="com.google.firebase.components.ComponentRegistrar" />
114-->[com.google.firebase:firebase-messaging:23.1.2] AndroidManifest.xml:57:17-82
115            <meta-data
115-->[com.google.firebase:firebase-installations:17.1.3] AndroidManifest.xml:17:13-19:85
116                android:name="com.google.firebase.components:com.google.firebase.installations.FirebaseInstallationsRegistrar"
116-->[com.google.firebase:firebase-installations:17.1.3] AndroidManifest.xml:18:17-127
117                android:value="com.google.firebase.components.ComponentRegistrar" />
117-->[com.google.firebase:firebase-installations:17.1.3] AndroidManifest.xml:19:17-82
118            <meta-data
118-->[com.google.firebase:firebase-datatransport:18.1.7] AndroidManifest.xml:27:13-29:85
119                android:name="com.google.firebase.components:com.google.firebase.datatransport.TransportRegistrar"
119-->[com.google.firebase:firebase-datatransport:18.1.7] AndroidManifest.xml:28:17-115
120                android:value="com.google.firebase.components.ComponentRegistrar" />
120-->[com.google.firebase:firebase-datatransport:18.1.7] AndroidManifest.xml:29:17-82
121        </service>
122        <service
122-->[:firebase_messaging] AndroidManifest.xml:16:9-19:72
123            android:name="io.flutter.plugins.firebase.messaging.FlutterFirebaseMessagingBackgroundService"
123-->[:firebase_messaging] AndroidManifest.xml:17:13-107
124            android:exported="false"
124-->[:firebase_messaging] AndroidManifest.xml:18:13-37
125            android:permission="android.permission.BIND_JOB_SERVICE" />
125-->[:firebase_messaging] AndroidManifest.xml:19:13-69
126        <service
126-->[:firebase_messaging] AndroidManifest.xml:20:9-26:19
127            android:name="io.flutter.plugins.firebase.messaging.FlutterFirebaseMessagingService"
127-->[:firebase_messaging] AndroidManifest.xml:21:13-97
128            android:exported="false" >
128-->[:firebase_messaging] AndroidManifest.xml:22:13-37
129            <intent-filter>
129-->[:firebase_messaging] AndroidManifest.xml:23:13-25:29
130                <action android:name="com.google.firebase.MESSAGING_EVENT" />
130-->[:firebase_messaging] AndroidManifest.xml:24:17-78
130-->[:firebase_messaging] AndroidManifest.xml:24:25-75
131            </intent-filter>
132        </service>
133
134        <receiver
134-->[:firebase_messaging] AndroidManifest.xml:28:9-35:20
135            android:name="io.flutter.plugins.firebase.messaging.FlutterFirebaseMessagingReceiver"
135-->[:firebase_messaging] AndroidManifest.xml:29:13-98
136            android:exported="true"
136-->[:firebase_messaging] AndroidManifest.xml:30:13-36
137            android:permission="com.google.android.c2dm.permission.SEND" >
137-->[:firebase_messaging] AndroidManifest.xml:31:13-73
138            <intent-filter>
138-->[:firebase_messaging] AndroidManifest.xml:32:13-34:29
139                <action android:name="com.google.android.c2dm.intent.RECEIVE" />
139-->[:firebase_messaging] AndroidManifest.xml:33:17-81
139-->[:firebase_messaging] AndroidManifest.xml:33:25-78
140            </intent-filter>
141        </receiver>
142
143        <provider
143-->[:firebase_messaging] AndroidManifest.xml:43:9-47:38
144            android:name="io.flutter.plugins.firebase.messaging.FlutterFirebaseMessagingInitProvider"
144-->[:firebase_messaging] AndroidManifest.xml:44:13-102
145            android:authorities="com.example.jasbe.flutterfirebasemessaginginitprovider"
145-->[:firebase_messaging] AndroidManifest.xml:45:13-88
146            android:exported="false"
146-->[:firebase_messaging] AndroidManifest.xml:46:13-37
147            android:initOrder="99" />
147-->[:firebase_messaging] AndroidManifest.xml:47:13-35
148
149        <receiver
149-->[:flutter_local_notifications] AndroidManifest.xml:16:9-18:40
150            android:name="com.dexterous.flutterlocalnotifications.ActionBroadcastReceiver"
150-->[:flutter_local_notifications] AndroidManifest.xml:17:13-91
151            android:exported="false" />
151-->[:flutter_local_notifications] AndroidManifest.xml:18:13-37
152        <receiver
152-->[:flutter_local_notifications] AndroidManifest.xml:19:9-21:40
153            android:name="com.dexterous.flutterlocalnotifications.ScheduledNotificationReceiver"
153-->[:flutter_local_notifications] AndroidManifest.xml:20:13-97
154            android:exported="false" />
154-->[:flutter_local_notifications] AndroidManifest.xml:21:13-37
155        <receiver
155-->[:flutter_local_notifications] AndroidManifest.xml:22:9-31:20
156            android:name="com.dexterous.flutterlocalnotifications.ScheduledNotificationBootReceiver"
156-->[:flutter_local_notifications] AndroidManifest.xml:23:13-101
157            android:exported="false" >
157-->[:flutter_local_notifications] AndroidManifest.xml:24:13-37
158            <intent-filter>
158-->[:flutter_local_notifications] AndroidManifest.xml:25:13-30:29
159                <action android:name="android.intent.action.BOOT_COMPLETED" />
159-->[:flutter_local_notifications] AndroidManifest.xml:26:17-79
159-->[:flutter_local_notifications] AndroidManifest.xml:26:25-76
160                <action android:name="android.intent.action.MY_PACKAGE_REPLACED" />
160-->[:flutter_local_notifications] AndroidManifest.xml:27:17-84
160-->[:flutter_local_notifications] AndroidManifest.xml:27:25-81
161                <action android:name="android.intent.action.QUICKBOOT_POWERON" />
161-->[:flutter_local_notifications] AndroidManifest.xml:28:17-82
161-->[:flutter_local_notifications] AndroidManifest.xml:28:25-79
162                <action android:name="com.htc.intent.action.QUICKBOOT_POWERON" />
162-->[:flutter_local_notifications] AndroidManifest.xml:29:17-82
162-->[:flutter_local_notifications] AndroidManifest.xml:29:25-79
163            </intent-filter>
164        </receiver>
165
166        <activity
166-->[:url_launcher_android] AndroidManifest.xml:10:9-13:74
167            android:name="io.flutter.plugins.urllauncher.WebViewActivity"
167-->[:url_launcher_android] AndroidManifest.xml:11:13-74
168            android:exported="false"
168-->[:url_launcher_android] AndroidManifest.xml:12:13-37
169            android:theme="@android:style/Theme.NoTitleBar.Fullscreen" />
169-->[:url_launcher_android] AndroidManifest.xml:13:13-71
170
171        <service
171-->[:location] AndroidManifest.xml:13:9-17:56
172            android:name="com.lyokone.location.FlutterLocationService"
172-->[:location] AndroidManifest.xml:14:13-71
173            android:enabled="true"
173-->[:location] AndroidManifest.xml:15:13-35
174            android:exported="false"
174-->[:location] AndroidManifest.xml:16:13-37
175            android:foregroundServiceType="location" />
175-->[:location] AndroidManifest.xml:17:13-53
176
177        <activity
177-->[com.google.firebase:firebase-auth:22.0.0] AndroidManifest.xml:29:9-46:20
178            android:name="com.google.firebase.auth.internal.GenericIdpActivity"
178-->[com.google.firebase:firebase-auth:22.0.0] AndroidManifest.xml:30:13-80
179            android:excludeFromRecents="true"
179-->[com.google.firebase:firebase-auth:22.0.0] AndroidManifest.xml:31:13-46
180            android:exported="true"
180-->[com.google.firebase:firebase-auth:22.0.0] AndroidManifest.xml:32:13-36
181            android:launchMode="singleTask"
181-->[com.google.firebase:firebase-auth:22.0.0] AndroidManifest.xml:33:13-44
182            android:theme="@android:style/Theme.Translucent.NoTitleBar" >
182-->[com.google.firebase:firebase-auth:22.0.0] AndroidManifest.xml:34:13-72
183            <intent-filter>
183-->[com.google.firebase:firebase-auth:22.0.0] AndroidManifest.xml:35:13-45:29
184                <action android:name="android.intent.action.VIEW" />
184-->[:open_mail_app] AndroidManifest.xml:11:13-65
184-->[:open_mail_app] AndroidManifest.xml:11:21-62
185
186                <category android:name="android.intent.category.DEFAULT" />
186-->[com.google.firebase:firebase-auth:22.0.0] AndroidManifest.xml:38:17-76
186-->[com.google.firebase:firebase-auth:22.0.0] AndroidManifest.xml:38:27-73
187                <category android:name="android.intent.category.BROWSABLE" />
187-->[com.google.firebase:firebase-auth:22.0.0] AndroidManifest.xml:39:17-78
187-->[com.google.firebase:firebase-auth:22.0.0] AndroidManifest.xml:39:27-75
188
189                <data
189-->[:open_mail_app] AndroidManifest.xml:13:13-45
190                    android:host="firebase.auth"
191                    android:path="/"
192                    android:scheme="genericidp" />
192-->[:open_mail_app] AndroidManifest.xml:13:19-42
193            </intent-filter>
194        </activity>
195        <activity
195-->[com.google.firebase:firebase-auth:22.0.0] AndroidManifest.xml:47:9-64:20
196            android:name="com.google.firebase.auth.internal.RecaptchaActivity"
196-->[com.google.firebase:firebase-auth:22.0.0] AndroidManifest.xml:48:13-79
197            android:excludeFromRecents="true"
197-->[com.google.firebase:firebase-auth:22.0.0] AndroidManifest.xml:49:13-46
198            android:exported="true"
198-->[com.google.firebase:firebase-auth:22.0.0] AndroidManifest.xml:50:13-36
199            android:launchMode="singleTask"
199-->[com.google.firebase:firebase-auth:22.0.0] AndroidManifest.xml:51:13-44
200            android:theme="@android:style/Theme.Translucent.NoTitleBar" >
200-->[com.google.firebase:firebase-auth:22.0.0] AndroidManifest.xml:52:13-72
201            <intent-filter>
201-->[com.google.firebase:firebase-auth:22.0.0] AndroidManifest.xml:53:13-63:29
202                <action android:name="android.intent.action.VIEW" />
202-->[:open_mail_app] AndroidManifest.xml:11:13-65
202-->[:open_mail_app] AndroidManifest.xml:11:21-62
203
204                <category android:name="android.intent.category.DEFAULT" />
204-->[com.google.firebase:firebase-auth:22.0.0] AndroidManifest.xml:38:17-76
204-->[com.google.firebase:firebase-auth:22.0.0] AndroidManifest.xml:38:27-73
205                <category android:name="android.intent.category.BROWSABLE" />
205-->[com.google.firebase:firebase-auth:22.0.0] AndroidManifest.xml:39:17-78
205-->[com.google.firebase:firebase-auth:22.0.0] AndroidManifest.xml:39:27-75
206
207                <data
207-->[:open_mail_app] AndroidManifest.xml:13:13-45
208                    android:host="firebase.auth"
209                    android:path="/"
210                    android:scheme="recaptcha" />
210-->[:open_mail_app] AndroidManifest.xml:13:19-42
211            </intent-filter>
212        </activity>
213
214        <uses-library
214-->[androidx.window:window:1.0.0-beta04] AndroidManifest.xml:25:9-27:40
215            android:name="androidx.window.extensions"
215-->[androidx.window:window:1.0.0-beta04] AndroidManifest.xml:26:13-54
216            android:required="false" />
216-->[androidx.window:window:1.0.0-beta04] AndroidManifest.xml:27:13-37
217        <uses-library
217-->[androidx.window:window:1.0.0-beta04] AndroidManifest.xml:28:9-30:40
218            android:name="androidx.window.sidecar"
218-->[androidx.window:window:1.0.0-beta04] AndroidManifest.xml:29:13-51
219            android:required="false" />
219-->[androidx.window:window:1.0.0-beta04] AndroidManifest.xml:30:13-37
220
221        <receiver
221-->[com.google.firebase:firebase-messaging:23.1.2] AndroidManifest.xml:31:9-38:20
222            android:name="com.google.firebase.iid.FirebaseInstanceIdReceiver"
222-->[com.google.firebase:firebase-messaging:23.1.2] AndroidManifest.xml:32:13-78
223            android:exported="true"
223-->[com.google.firebase:firebase-messaging:23.1.2] AndroidManifest.xml:33:13-36
224            android:permission="com.google.android.c2dm.permission.SEND" >
224-->[com.google.firebase:firebase-messaging:23.1.2] AndroidManifest.xml:34:13-73
225            <intent-filter>
225-->[:firebase_messaging] AndroidManifest.xml:32:13-34:29
226                <action android:name="com.google.android.c2dm.intent.RECEIVE" />
226-->[:firebase_messaging] AndroidManifest.xml:33:17-81
226-->[:firebase_messaging] AndroidManifest.xml:33:25-78
227            </intent-filter>
228        </receiver>
229        <!--
230             FirebaseMessagingService performs security checks at runtime,
231             but set to not exported to explicitly avoid allowing another app to call it.
232        -->
233        <service
233-->[com.google.firebase:firebase-messaging:23.1.2] AndroidManifest.xml:44:9-51:19
234            android:name="com.google.firebase.messaging.FirebaseMessagingService"
234-->[com.google.firebase:firebase-messaging:23.1.2] AndroidManifest.xml:45:13-82
235            android:directBootAware="true"
235-->[com.google.firebase:firebase-messaging:23.1.2] AndroidManifest.xml:46:13-43
236            android:exported="false" >
236-->[com.google.firebase:firebase-messaging:23.1.2] AndroidManifest.xml:47:13-37
237            <intent-filter android:priority="-500" >
237-->[:firebase_messaging] AndroidManifest.xml:23:13-25:29
238                <action android:name="com.google.firebase.MESSAGING_EVENT" />
238-->[:firebase_messaging] AndroidManifest.xml:24:17-78
238-->[:firebase_messaging] AndroidManifest.xml:24:25-75
239            </intent-filter>
240        </service>
241
242        <provider
242-->[com.google.firebase:firebase-common:20.3.2] AndroidManifest.xml:25:9-30:39
243            android:name="com.google.firebase.provider.FirebaseInitProvider"
243-->[com.google.firebase:firebase-common:20.3.2] AndroidManifest.xml:26:13-77
244            android:authorities="com.example.jasbe.firebaseinitprovider"
244-->[com.google.firebase:firebase-common:20.3.2] AndroidManifest.xml:27:13-72
245            android:directBootAware="true"
245-->[com.google.firebase:firebase-common:20.3.2] AndroidManifest.xml:28:13-43
246            android:exported="false"
246-->[com.google.firebase:firebase-common:20.3.2] AndroidManifest.xml:29:13-37
247            android:initOrder="100" /> <!-- Needs to be explicitly declared on P+ -->
247-->[com.google.firebase:firebase-common:20.3.2] AndroidManifest.xml:30:13-36
248        <uses-library
248-->[com.google.android.gms:play-services-maps:18.1.0] AndroidManifest.xml:39:9-41:40
249            android:name="org.apache.http.legacy"
249-->[com.google.android.gms:play-services-maps:18.1.0] AndroidManifest.xml:40:13-50
250            android:required="false" />
250-->[com.google.android.gms:play-services-maps:18.1.0] AndroidManifest.xml:41:13-37
251
252        <activity
252-->[com.google.android.gms:play-services-base:18.0.1] AndroidManifest.xml:20:9-22:45
253            android:name="com.google.android.gms.common.api.GoogleApiActivity"
253-->[com.google.android.gms:play-services-base:18.0.1] AndroidManifest.xml:20:19-85
254            android:exported="false"
254-->[com.google.android.gms:play-services-base:18.0.1] AndroidManifest.xml:22:19-43
255            android:theme="@android:style/Theme.Translucent.NoTitleBar" />
255-->[com.google.android.gms:play-services-base:18.0.1] AndroidManifest.xml:21:19-78
256
257        <meta-data
257-->[com.google.android.gms:play-services-basement:18.1.0] AndroidManifest.xml:21:9-23:69
258            android:name="com.google.android.gms.version"
258-->[com.google.android.gms:play-services-basement:18.1.0] AndroidManifest.xml:22:13-58
259            android:value="@integer/google_play_services_version" />
259-->[com.google.android.gms:play-services-basement:18.1.0] AndroidManifest.xml:23:13-66
260
261        <service
261-->[com.google.android.datatransport:transport-backend-cct:3.1.8] AndroidManifest.xml:28:9-34:19
262            android:name="com.google.android.datatransport.runtime.backends.TransportBackendDiscovery"
262-->[com.google.android.datatransport:transport-backend-cct:3.1.8] AndroidManifest.xml:29:13-103
263            android:exported="false" >
263-->[com.google.android.datatransport:transport-backend-cct:3.1.8] AndroidManifest.xml:30:13-37
264            <meta-data
264-->[com.google.android.datatransport:transport-backend-cct:3.1.8] AndroidManifest.xml:31:13-33:39
265                android:name="backend:com.google.android.datatransport.cct.CctBackendFactory"
265-->[com.google.android.datatransport:transport-backend-cct:3.1.8] AndroidManifest.xml:32:17-94
266                android:value="cct" />
266-->[com.google.android.datatransport:transport-backend-cct:3.1.8] AndroidManifest.xml:33:17-36
267        </service>
268        <service
268-->[com.google.android.datatransport:transport-runtime:3.1.8] AndroidManifest.xml:26:9-30:19
269            android:name="com.google.android.datatransport.runtime.scheduling.jobscheduling.JobInfoSchedulerService"
269-->[com.google.android.datatransport:transport-runtime:3.1.8] AndroidManifest.xml:27:13-117
270            android:exported="false"
270-->[com.google.android.datatransport:transport-runtime:3.1.8] AndroidManifest.xml:28:13-37
271            android:permission="android.permission.BIND_JOB_SERVICE" >
271-->[com.google.android.datatransport:transport-runtime:3.1.8] AndroidManifest.xml:29:13-69
272        </service>
273
274        <receiver
274-->[com.google.android.datatransport:transport-runtime:3.1.8] AndroidManifest.xml:32:9-34:40
275            android:name="com.google.android.datatransport.runtime.scheduling.jobscheduling.AlarmManagerSchedulerBroadcastReceiver"
275-->[com.google.android.datatransport:transport-runtime:3.1.8] AndroidManifest.xml:33:13-132
276            android:exported="false" />
276-->[com.google.android.datatransport:transport-runtime:3.1.8] AndroidManifest.xml:34:13-37
277    </application>
278
279</manifest>